e:\projekty\node-based calculation\nodebasedcalculation\nodebasedcalculation\x64\debug\vc143.pdb
e:\projekty\node-based calculation\nodebasedcalculation\nodebasedcalculation\x64\debug\vc143.idb
e:\projekty\node-based calculation\nodebasedcalculation\nodebasedcalculation\x64\debug\valuenode.obj
e:\projekty\node-based calculation\nodebasedcalculation\nodebasedcalculation\x64\debug\staticdata.obj
e:\projekty\node-based calculation\nodebasedcalculation\nodebasedcalculation\x64\debug\sectionnode.obj
e:\projekty\node-based calculation\nodebasedcalculation\nodebasedcalculation\x64\debug\prefixoperationnode.obj
e:\projekty\node-based calculation\nodebasedcalculation\nodebasedcalculation\x64\debug\postfixoperationnode.obj
e:\projekty\node-based calculation\nodebasedcalculation\nodebasedcalculation\x64\debug\operationnode.obj
e:\projekty\node-based calculation\nodebasedcalculation\nodebasedcalculation\x64\debug\node.obj
e:\projekty\node-based calculation\nodebasedcalculation\nodebasedcalculation\x64\debug\main.obj
e:\projekty\node-based calculation\nodebasedcalculation\nodebasedcalculation\x64\debug\infixoperationnode.obj
e:\projekty\node-based calculation\nodebasedcalculation\nodebasedcalculation\x64\debug\functionnode.obj
e:\projekty\node-based calculation\nodebasedcalculation\nodebasedcalculation\x64\debug\expression.obj
e:\projekty\node-based calculation\nodebasedcalculation\nodebasedcalculation\x64\debug\enums.obj
e:\projekty\node-based calculation\nodebasedcalculation\nodebasedcalculation\x64\debug\calculationnode.obj
e:\projekty\node-based calculation\nodebasedcalculation\nodebasedcalculation\x64\debug\variablenode.obj
e:\projekty\node-based calculation\nodebasedcalculation\x64\debug\nodebasedcalculation.exe
e:\projekty\node-based calculation\nodebasedcalculation\nodebasedcalculation\x64\debug\nodebasedcalculation.ilk
e:\projekty\node-based calculation\nodebasedcalculation\x64\debug\nodebasedcalculation.pdb
e:\projekty\node-based calculation\nodebasedcalculation\nodebasedcalculation\x64\debug\functionnode.obj.enc
e:\projekty\node-based calculation\nodebasedcalculation\nodebasedcalculation\x64\debug\main.obj.enc
e:\projekty\node-based calculation\nodebasedcalculation\nodebasedcalculation\x64\debug\staticdata.obj.enc
e:\projekty\node-based calculation\nodebasedcalculation\nodebasedcalculation\x64\debug\nodebase.c1cc091c.tlog\cl.command.1.tlog
e:\projekty\node-based calculation\nodebasedcalculation\nodebasedcalculation\x64\debug\nodebase.c1cc091c.tlog\cl.items.tlog
e:\projekty\node-based calculation\nodebasedcalculation\nodebasedcalculation\x64\debug\nodebase.c1cc091c.tlog\cl.read.1.tlog
e:\projekty\node-based calculation\nodebasedcalculation\nodebasedcalculation\x64\debug\nodebase.c1cc091c.tlog\cl.write.1.tlog
e:\projekty\node-based calculation\nodebasedcalculation\nodebasedcalculation\x64\debug\nodebase.c1cc091c.tlog\link.command.1.tlog
e:\projekty\node-based calculation\nodebasedcalculation\nodebasedcalculation\x64\debug\nodebase.c1cc091c.tlog\link.read.1.tlog
e:\projekty\node-based calculation\nodebasedcalculation\nodebasedcalculation\x64\debug\nodebase.c1cc091c.tlog\link.write.1.tlog
